-------------------------------------------------------------------------------
Test set: curso.es.AppTest
-------------------------------------------------------------------------------
Tests run: 2, Failures: 1, Errors: 0, Skipped: 0, Time elapsed: 0.115 s <<< FAILURE! - in curso.es.AppTest
sumarNumerosTest(curso.es.AppTest)  Time elapsed: 0.02 s  <<< FAILURE!
java.lang.AssertionError: expected:<15> but was:<-5>
	at curso.es.AppTest.sumarNumerosTest(AppTest.java:17)

